# JRE version: OpenJDK Runtime Environment Microsoft-8035246 (17.0.8+7) (build 17.0.8+7-LTS)
# Java VM: OpenJDK 64-Bit Server VM Microsoft-8035246 (17.0.8+7-LTS, mixed mode, sharing, tiered, compressed oops, compressed class ptrs, g1 gc, windows-amd64)
GC Precious Log:
 CPUs: 2 total, 2 available
 Memory: 8014M
 Large Page Support: Disabled
 NUMA Support: Disabled
 Compressed Oops: Enabled (32-bit)
 Heap Region Size: 1M
 Heap Min Capacity: 8M
 Heap Initial Capacity: 126M
 Heap Max Capacity: 2G
 Pre-touch: Disabled
 Parallel Workers: 2
 Concurrent Workers: 1
 Concurrent Refinement Workers: 2
 Periodic GC: Disabled
Heap:
 garbage-first heap   total 239616K, used 193312K [0x0000000080000000, 0x0000000100000000)
  region size 1024K, 29 young (29696K), 5 survivors (5120K)
 Metaspace       used 103090K, committed 104192K, reserved 557056K
  class space    used 14175K, committed 14656K, reserved 425984K
GC Heap History (20 events):
Event: 88.528 GC heap before
{Heap before GC invocations=52 (full 0):
 garbage-first heap   total 219136K, used 134144K [0x0000000080000000, 0x0000000100000000)
  region size 1024K, 10 young (10240K), 8 survivors (8192K)
 Metaspace       used 91359K, committed 92352K, reserved 557056K
  class space    used 12779K, committed 13248K, reserved 425984K
}
Event: 88.551 GC heap after
{Heap after GC invocations=53 (full 0):
 garbage-first heap   total 219136K, used 133564K [0x0000000080000000, 0x0000000100000000)
  region size 1024K, 1 young (1024K), 1 survivors (1024K)
 Metaspace       used 91359K, committed 92352K, reserved 557056K
  class space    used 12779K, committed 13248K, reserved 425984K
}
Event: 90.472 GC heap before
{Heap before GC invocations=53 (full 0):
 garbage-first heap   total 219136K, used 177596K [0x0000000080000000, 0x0000000100000000)
  region size 1024K, 43 young (44032K), 1 survivors (1024K)
 Metaspace       used 92935K, committed 93952K, reserved 557056K
  class space    used 12980K, committed 13440K, reserved 425984K
}
Event: 90.494 GC heap after
{Heap after GC invocations=54 (full 0):
 garbage-first heap   total 219136K, used 141824K [0x0000000080000000, 0x0000000100000000)
  region size 1024K, 6 young (6144K), 6 survivors (6144K)
 Metaspace       used 92935K, committed 93952K, reserved 557056K
  class space    used 12980K, committed 13440K, reserved 425984K
}
Event: 93.029 GC heap before
{Heap before GC invocations=55 (full 0):
 garbage-first heap   total 239616K, used 176640K [0x0000000080000000, 0x0000000100000000)
  region size 1024K, 40 young (40960K), 6 survivors (6144K)
 Metaspace       used 96604K, committed 97664K, reserved 557056K
  class space    used 13500K, committed 13952K, reserved 425984K
}
Event: 93.052 GC heap after
{Heap after GC invocations=56 (full 0):
 garbage-first heap   total 239616K, used 144055K [0x0000000080000000, 0x0000000100000000)
  region size 1024K, 2 young (2048K), 2 survivors (2048K)
 Metaspace       used 96604K, committed 97664K, reserved 557056K
  class space    used 13500K, committed 13952K, reserved 425984K
}
Event: 93.444 GC heap before
{Heap before GC invocations=56 (full 0):
 garbage-first heap   total 239616K, used 153271K [0x0000000080000000, 0x0000000100000000)
  region size 1024K, 11 young (11264K), 2 survivors (2048K)
 Metaspace       used 97292K, committed 98368K, reserved 557056K
  class space    used 13593K, committed 14080K, reserved 425984K
}
Event: 93.467 GC heap after
{Heap after GC invocations=57 (full 0):
 garbage-first heap   total 239616K, used 144124K [0x0000000080000000, 0x0000000100000000)
  region size 1024K, 1 young (1024K), 1 survivors (1024K)
 Metaspace       used 97292K, committed 98368K, reserved 557056K
  class space    used 13593K, committed 14080K, reserved 425984K
}
Event: 96.024 GC heap before
{Heap before GC invocations=57 (full 0):
 garbage-first heap   total 239616K, used 195324K [0x0000000080000000, 0x0000000100000000)
  region size 1024K, 51 young (52224K), 1 survivors (1024K)
 Metaspace       used 98899K, committed 99968K, reserved 557056K
  class space    used 13802K, committed 14272K, reserved 425984K
}
Event: 96.050 GC heap after
{Heap after GC invocations=58 (full 0):
 garbage-first heap   total 239616K, used 149998K [0x0000000080000000, 0x0000000100000000)
  region size 1024K, 7 young (7168K), 7 survivors (7168K)
 Metaspace       used 98899K, committed 99968K, reserved 557056K
  class space    used 13802K, committed 14272K, reserved 425984K
}
Event: 98.696 GC heap before
{Heap before GC invocations=58 (full 0):
 garbage-first heap   total 239616K, used 196078K [0x0000000080000000, 0x0000000100000000)
  region size 1024K, 52 young (53248K), 7 survivors (7168K)
 Metaspace       used 99304K, committed 100352K, reserved 557056K
  class space    used 13824K, committed 14272K, reserved 425984K
}
Event: 98.730 GC heap after
{Heap after GC invocations=59 (full 0):
 garbage-first heap   total 239616K, used 154948K [0x0000000080000000, 0x0000000100000000)
  region size 1024K, 5 young (5120K), 5 survivors (5120K)
 Metaspace       used 99304K, committed 100352K, reserved 557056K
  class space    used 13824K, committed 14272K, reserved 425984K
}
Event: 100.112 GC heap before
{Heap before GC invocations=59 (full 0):
 garbage-first heap   total 239616K, used 196932K [0x0000000080000000, 0x0000000100000000)
  region size 1024K, 47 young (48128K), 5 survivors (5120K)
 Metaspace       used 100312K, committed 101440K, reserved 557056K
  class space    used 13910K, committed 14400K, reserved 425984K
}
Event: 100.144 GC heap after
{Heap after GC invocations=60 (full 0):
 garbage-first heap   total 239616K, used 160674K [0x0000000080000000, 0x0000000100000000)
  region size 1024K, 6 young (6144K), 6 survivors (6144K)
 Metaspace       used 100312K, committed 101440K, reserved 557056K
  class space    used 13910K, committed 14400K, reserved 425984K
}
Event: 102.720 GC heap before
{Heap before GC invocations=60 (full 0):
 garbage-first heap   total 239616K, used 204706K [0x0000000080000000, 0x0000000100000000)
  region size 1024K, 44 young (45056K), 6 survivors (6144K)
 Metaspace       used 102216K, committed 103296K, reserved 557056K
  class space    used 14078K, committed 14592K, reserved 425984K
}
Event: 102.749 GC heap after
{Heap after GC invocations=61 (full 0):
 garbage-first heap   total 239616K, used 164237K [0x0000000080000000, 0x0000000100000000)
  region size 1024K, 5 young (5120K), 5 survivors (5120K)
 Metaspace       used 102216K, committed 103296K, reserved 557056K
  class space    used 14078K, committed 14592K, reserved 425984K
}
Event: 104.558 GC heap before
{Heap before GC invocations=61 (full 0):
 garbage-first heap   total 239616K, used 200077K [0x0000000080000000, 0x0000000100000000)
  region size 1024K, 41 young (41984K), 5 survivors (5120K)
 Metaspace       used 102578K, committed 103680K, reserved 557056K
  class space    used 14083K, committed 14592K, reserved 425984K
}
Event: 104.579 GC heap after
{Heap after GC invocations=62 (full 0):
 garbage-first heap   total 239616K, used 165609K [0x0000000080000000, 0x0000000100000000)
  region size 1024K, 2 young (2048K), 2 survivors (2048K)
 Metaspace       used 102578K, committed 103680K, reserved 557056K
  class space    used 14083K, committed 14592K, reserved 425984K
}
Event: 106.805 GC heap before
{Heap before GC invocations=62 (full 0):
 garbage-first heap   total 239616K, used 201449K [0x0000000080000000, 0x0000000100000000)
  region size 1024K, 38 young (38912K), 2 survivors (2048K)
 Metaspace       used 103089K, committed 104192K, reserved 557056K
  class space    used 14175K, committed 14656K, reserved 425984K
}
Event: 106.824 GC heap after
{Heap after GC invocations=63 (full 0):
 garbage-first heap   total 239616K, used 169760K [0x0000000080000000, 0x0000000100000000)
  region size 1024K, 5 young (5120K), 5 survivors (5120K)
 Metaspace       used 103089K, committed 104192K, reserved 557056K
  class space    used 14175K, committed 14656K, reserved 425984K
}

