# JRE version: OpenJDK Runtime Environment Microsoft-8035246 (17.0.8+7) (build 17.0.8+7-LTS)
# Java VM: OpenJDK 64-Bit Server VM Microsoft-8035246 (17.0.8+7-LTS, mixed mode, sharing, tiered, compressed oops, compressed class ptrs, g1 gc, windows-amd64)
GC Precious Log:
 CPUs: 2 total, 2 available
 Memory: 8014M
 Large Page Support: Disabled
 NUMA Support: Disabled
 Compressed Oops: Enabled (32-bit)
 Heap Region Size: 1M
 Heap Min Capacity: 8M
 Heap Initial Capacity: 126M
 Heap Max Capacity: 2G
 Pre-touch: Disabled
 Parallel Workers: 2
 Concurrent Workers: 1
 Concurrent Refinement Workers: 2
 Periodic GC: Disabled
Heap:
 garbage-first heap   total 224256K, used 183558K [0x0000000080000000, 0x0000000100000000)
  region size 1024K, 8 young (8192K), 2 survivors (2048K)
 Metaspace       used 108977K, committed 110144K, reserved 557056K
  class space    used 14882K, committed 15424K, reserved 425984K
GC Heap History (20 events):
Event: 117.517 GC heap before
{Heap before GC invocations=66 (full 0):
 garbage-first heap   total 224256K, used 188132K [0x0000000080000000, 0x0000000100000000)
  region size 1024K, 40 young (40960K), 5 survivors (5120K)
 Metaspace       used 105034K, committed 106240K, reserved 557056K
  class space    used 14528K, committed 15104K, reserved 425984K
}
Event: 117.547 GC heap after
{Heap after GC invocations=67 (full 0):
 garbage-first heap   total 224256K, used 157040K [0x0000000080000000, 0x0000000100000000)
  region size 1024K, 5 young (5120K), 5 survivors (5120K)
 Metaspace       used 105034K, committed 106240K, reserved 557056K
  class space    used 14528K, committed 15104K, reserved 425984K
}
Event: 120.029 GC heap before
{Heap before GC invocations=67 (full 0):
 garbage-first heap   total 224256K, used 187760K [0x0000000080000000, 0x0000000100000000)
  region size 1024K, 35 young (35840K), 5 survivors (5120K)
 Metaspace       used 105231K, committed 106368K, reserved 557056K
  class space    used 14532K, committed 15104K, reserved 425984K
}
Event: 120.056 GC heap after
{Heap after GC invocations=68 (full 0):
 garbage-first heap   total 224256K, used 160948K [0x0000000080000000, 0x0000000100000000)
  region size 1024K, 4 young (4096K), 4 survivors (4096K)
 Metaspace       used 105231K, committed 106368K, reserved 557056K
  class space    used 14532K, committed 15104K, reserved 425984K
}
Event: 123.002 GC heap before
{Heap before GC invocations=68 (full 0):
 garbage-first heap   total 224256K, used 189620K [0x0000000080000000, 0x0000000100000000)
  region size 1024K, 32 young (32768K), 4 survivors (4096K)
 Metaspace       used 105599K, committed 106688K, reserved 557056K
  class space    used 14570K, committed 15104K, reserved 425984K
}
Event: 123.028 GC heap after
{Heap after GC invocations=69 (full 0):
 garbage-first heap   total 224256K, used 164416K [0x0000000080000000, 0x0000000100000000)
  region size 1024K, 4 young (4096K), 4 survivors (4096K)
 Metaspace       used 105599K, committed 106688K, reserved 557056K
  class space    used 14570K, committed 15104K, reserved 425984K
}
Event: 124.227 GC heap before
{Heap before GC invocations=69 (full 0):
 garbage-first heap   total 224256K, used 191040K [0x0000000080000000, 0x0000000100000000)
  region size 1024K, 31 young (31744K), 4 survivors (4096K)
 Metaspace       used 106271K, committed 107392K, reserved 557056K
  class space    used 14626K, committed 15168K, reserved 425984K
}
Event: 124.255 GC heap after
{Heap after GC invocations=70 (full 0):
 garbage-first heap   total 224256K, used 168182K [0x0000000080000000, 0x0000000100000000)
  region size 1024K, 4 young (4096K), 4 survivors (4096K)
 Metaspace       used 106271K, committed 107392K, reserved 557056K
  class space    used 14626K, committed 15168K, reserved 425984K
}
Event: 125.966 GC heap before
{Heap before GC invocations=70 (full 0):
 garbage-first heap   total 224256K, used 195830K [0x0000000080000000, 0x0000000100000000)
  region size 1024K, 27 young (27648K), 4 survivors (4096K)
 Metaspace       used 108013K, committed 109184K, reserved 557056K
  class space    used 14782K, committed 15360K, reserved 425984K
}
Event: 125.990 GC heap after
{Heap after GC invocations=71 (full 0):
 garbage-first heap   total 224256K, used 170635K [0x0000000080000000, 0x0000000100000000)
  region size 1024K, 3 young (3072K), 3 survivors (3072K)
 Metaspace       used 108013K, committed 109184K, reserved 557056K
  class space    used 14782K, committed 15360K, reserved 425984K
}
Event: 128.586 GC heap before
{Heap before GC invocations=71 (full 0):
 garbage-first heap   total 224256K, used 191115K [0x0000000080000000, 0x0000000100000000)
  region size 1024K, 24 young (24576K), 3 survivors (3072K)
 Metaspace       used 108236K, committed 109440K, reserved 557056K
  class space    used 14789K, committed 15360K, reserved 425984K
}
Event: 128.635 GC heap after
{Heap after GC invocations=72 (full 0):
 garbage-first heap   total 224256K, used 172275K [0x0000000080000000, 0x0000000100000000)
  region size 1024K, 2 young (2048K), 2 survivors (2048K)
 Metaspace       used 108236K, committed 109440K, reserved 557056K
  class space    used 14789K, committed 15360K, reserved 425984K
}
Event: 131.160 GC heap before
{Heap before GC invocations=72 (full 0):
 garbage-first heap   total 224256K, used 193779K [0x0000000080000000, 0x0000000100000000)
  region size 1024K, 23 young (23552K), 2 survivors (2048K)
 Metaspace       used 108379K, committed 109504K, reserved 557056K
  class space    used 14789K, committed 15360K, reserved 425984K
}
Event: 131.174 GC heap after
{Heap after GC invocations=73 (full 0):
 garbage-first heap   total 224256K, used 172670K [0x0000000080000000, 0x0000000100000000)
  region size 1024K, 2 young (2048K), 2 survivors (2048K)
 Metaspace       used 108379K, committed 109504K, reserved 557056K
  class space    used 14789K, committed 15360K, reserved 425984K
}
Event: 132.565 GC heap before
{Heap before GC invocations=73 (full 0):
 garbage-first heap   total 224256K, used 194174K [0x0000000080000000, 0x0000000100000000)
  region size 1024K, 24 young (24576K), 2 survivors (2048K)
 Metaspace       used 108976K, committed 110144K, reserved 557056K
  class space    used 14882K, committed 15424K, reserved 425984K
}
Event: 132.576 GC heap after
{Heap after GC invocations=74 (full 0):
 garbage-first heap   total 224256K, used 174461K [0x0000000080000000, 0x0000000100000000)
  region size 1024K, 3 young (3072K), 3 survivors (3072K)
 Metaspace       used 108976K, committed 110144K, reserved 557056K
  class space    used 14882K, committed 15424K, reserved 425984K
}
Event: 133.535 GC heap before
{Heap before GC invocations=74 (full 0):
 garbage-first heap   total 224256K, used 193917K [0x0000000080000000, 0x0000000100000000)
  region size 1024K, 23 young (23552K), 3 survivors (3072K)
 Metaspace       used 108976K, committed 110144K, reserved 557056K
  class space    used 14882K, committed 15424K, reserved 425984K
}
Event: 133.550 GC heap after
{Heap after GC invocations=75 (full 0):
 garbage-first heap   total 224256K, used 177076K [0x0000000080000000, 0x0000000100000000)
  region size 1024K, 3 young (3072K), 3 survivors (3072K)
 Metaspace       used 108976K, committed 110144K, reserved 557056K
  class space    used 14882K, committed 15424K, reserved 425984K
}
Event: 134.276 GC heap before
{Heap before GC invocations=75 (full 0):
 garbage-first heap   total 224256K, used 194484K [0x0000000080000000, 0x0000000100000000)
  region size 1024K, 21 young (21504K), 3 survivors (3072K)
 Metaspace       used 108977K, committed 110144K, reserved 557056K
  class space    used 14882K, committed 15424K, reserved 425984K
}
Event: 134.284 GC heap after
{Heap after GC invocations=76 (full 0):
 garbage-first heap   total 224256K, used 178438K [0x0000000080000000, 0x0000000100000000)
  region size 1024K, 2 young (2048K), 2 survivors (2048K)
 Metaspace       used 108977K, committed 110144K, reserved 557056K
  class space    used 14882K, committed 15424K, reserved 425984K
}

